<?xml version="1.0" encoding="UTF-8"?>
<!-- Generated by org.testng.reporters.JUnitReportReporter -->
<testsuite hostname="LAPTOP-F5AHP3G9" failures="0" tests="1" name="com.test.PrintHtmltable" time="0.177" errors="0" timestamp="2023-12-16T18:24:42 IST" skipped="0">
  <testcase classname="com.test.PrintHtmltable" name="a1" time="0.177"/>
</testsuite> <!-- com.test.PrintHtmltable -->
